0 info it worked if it ends with ok
1 verbose cli [ 'C:\\Users\\Showbot\\AppData\\Local\\.meteor\\packages\\meteor-tool\\1.4.1_2\\mt-os.windows.x86_32\\dev_bundle\\bin\\node.exe',
1 verbose cli   'C:\\Users\\Showbot\\AppData\\Local\\.meteor\\packages\\meteor-tool\\1.4.1_2\\mt-os.windows.x86_32\\dev_bundle\\lib\\node_modules\\npm\\bin\\npm-cli.js',
1 verbose cli   'install',
1 verbose cli   '--save',
1 verbose cli   'bcrypt' ]
2 info using npm@3.10.8
3 info using node@v4.6.0
4 silly loadCurrentTree Starting
5 silly install loadCurrentTree
6 silly install readLocalPackageData
7 silly fetchPackageMetaData bcrypt
8 silly fetchNamedPackageData bcrypt
9 silly mapToRegistry name bcrypt
10 silly mapToRegistry using default registry
11 silly mapToRegistry registry https://registry.npmjs.org/
12 silly mapToRegistry data Result {
12 silly mapToRegistry   raw: 'bcrypt',
12 silly mapToRegistry   scope: null,
12 silly mapToRegistry   escapedName: 'bcrypt',
12 silly mapToRegistry   name: 'bcrypt',
12 silly mapToRegistry   rawSpec: '',
12 silly mapToRegistry   spec: 'latest',
12 silly mapToRegistry   type: 'tag' }
13 silly mapToRegistry uri https://registry.npmjs.org/bcrypt
14 verbose request uri https://registry.npmjs.org/bcrypt
15 verbose request no auth needed
16 info attempt registry request try #1 at 12:07:55 PM
17 verbose request id 0abc29768c698516
18 http request GET https://registry.npmjs.org/bcrypt
19 http 200 https://registry.npmjs.org/bcrypt
20 verbose headers { server: 'CouchDB/1.5.0 (Erlang OTP/R16B03)',
20 verbose headers   etag: '"C732ZMNYAG6GBU1DOLULG793M"',
20 verbose headers   'content-type': 'application/json',
20 verbose headers   'content-encoding': 'gzip',
20 verbose headers   'cache-control': 'max-age=300',
20 verbose headers   'content-length': '11923',
20 verbose headers   'accept-ranges': 'bytes',
20 verbose headers   date: 'Thu, 27 Oct 2016 11:07:35 GMT',
20 verbose headers   via: '1.1 varnish',
20 verbose headers   age: '119',
20 verbose headers   connection: 'keep-alive',
20 verbose headers   'x-served-by': 'cache-lhr6347-LHR',
20 verbose headers   'x-cache': 'HIT',
20 verbose headers   'x-cache-hits': '1',
20 verbose headers   'x-timer': 'S1477566455.446744,VS0,VE0',
20 verbose headers   vary: 'Accept-Encoding' }
21 silly get cb [ 200,
21 silly get   { server: 'CouchDB/1.5.0 (Erlang OTP/R16B03)',
21 silly get     etag: '"C732ZMNYAG6GBU1DOLULG793M"',
21 silly get     'content-type': 'application/json',
21 silly get     'content-encoding': 'gzip',
21 silly get     'cache-control': 'max-age=300',
21 silly get     'content-length': '11923',
21 silly get     'accept-ranges': 'bytes',
21 silly get     date: 'Thu, 27 Oct 2016 11:07:35 GMT',
21 silly get     via: '1.1 varnish',
21 silly get     age: '119',
21 silly get     connection: 'keep-alive',
21 silly get     'x-served-by': 'cache-lhr6347-LHR',
21 silly get     'x-cache': 'HIT',
21 silly get     'x-cache-hits': '1',
21 silly get     'x-timer': 'S1477566455.446744,VS0,VE0',
21 silly get     vary: 'Accept-Encoding' } ]
22 verbose get saving bcrypt to C:\Users\Showbot\AppData\Roaming\npm-cache\registry.npmjs.org\bcrypt\.cache.json
23 verbose correctMkdir C:\Users\Showbot\AppData\Roaming\npm-cache correctMkdir not in flight; initializing
24 silly install normalizeTree
25 silly loadCurrentTree Finishing
26 silly loadIdealTree Starting
27 silly install loadIdealTree
28 silly cloneCurrentTree Starting
29 silly install cloneCurrentTreeToIdealTree
30 silly cloneCurrentTree Finishing
31 silly loadShrinkwrap Starting
32 silly install loadShrinkwrap
33 silly loadShrinkwrap Finishing
34 silly loadAllDepsIntoIdealTree Starting
35 silly install loadAllDepsIntoIdealTree
36 silly resolveWithNewModule bcrypt@0.8.7 checking installable status
37 silly cache add args [ 'bcrypt', null ]
38 verbose cache add spec bcrypt
39 silly cache add parsed spec Result {
39 silly cache add   raw: 'bcrypt',
39 silly cache add   scope: null,
39 silly cache add   escapedName: 'bcrypt',
39 silly cache add   name: 'bcrypt',
39 silly cache add   rawSpec: '',
39 silly cache add   spec: 'latest',
39 silly cache add   type: 'tag' }
40 silly addNamed bcrypt@latest
41 verbose addNamed "latest" is being treated as a dist-tag for bcrypt
42 info addNameTag [ 'bcrypt', 'latest' ]
43 silly mapToRegistry name bcrypt
44 silly mapToRegistry using default registry
45 silly mapToRegistry registry https://registry.npmjs.org/
46 silly mapToRegistry data Result {
46 silly mapToRegistry   raw: 'bcrypt',
46 silly mapToRegistry   scope: null,
46 silly mapToRegistry   escapedName: 'bcrypt',
46 silly mapToRegistry   name: 'bcrypt',
46 silly mapToRegistry   rawSpec: '',
46 silly mapToRegistry   spec: 'latest',
46 silly mapToRegistry   type: 'tag' }
47 silly mapToRegistry uri https://registry.npmjs.org/bcrypt
48 verbose addNameTag registry:https://registry.npmjs.org/bcrypt not in flight; fetching
49 verbose get https://registry.npmjs.org/bcrypt not expired, no request
50 silly addNameTag next cb for bcrypt with tag latest
51 silly addNamed bcrypt@0.8.7
52 verbose addNamed "0.8.7" is a plain semver version for bcrypt
53 silly mapToRegistry name bcrypt
54 silly mapToRegistry using default registry
55 silly mapToRegistry registry https://registry.npmjs.org/
56 silly mapToRegistry data Result {
56 silly mapToRegistry   raw: 'bcrypt',
56 silly mapToRegistry   scope: null,
56 silly mapToRegistry   escapedName: 'bcrypt',
56 silly mapToRegistry   name: 'bcrypt',
56 silly mapToRegistry   rawSpec: '',
56 silly mapToRegistry   spec: 'latest',
56 silly mapToRegistry   type: 'tag' }
57 silly mapToRegistry uri https://registry.npmjs.org/bcrypt
58 verbose addRemoteTarball https://registry.npmjs.org/bcrypt/-/bcrypt-0.8.7.tgz not in flight; adding
59 verbose addRemoteTarball [ 'https://registry.npmjs.org/bcrypt/-/bcrypt-0.8.7.tgz',
59 verbose addRemoteTarball   'bc3875a9afd0a7b2cd231a6a7f218a5ce156b093' ]
60 info retry fetch attempt 1 at 12:07:56 PM
61 info attempt registry request try #1 at 12:07:56 PM
62 http fetch GET https://registry.npmjs.org/bcrypt/-/bcrypt-0.8.7.tgz
63 http fetch 200 https://registry.npmjs.org/bcrypt/-/bcrypt-0.8.7.tgz
64 silly fetchAndShaCheck shasum bc3875a9afd0a7b2cd231a6a7f218a5ce156b093
65 verbose addTmpTarball C:\Users\Showbot\AppData\Local\Temp\npm-9132-2f92dfbf\registry.npmjs.org\bcrypt\-\bcrypt-0.8.7.tgz not in flight; adding
66 verbose addTmpTarball already have metadata; skipping unpack for bcrypt@0.8.7
67 verbose correctMkdir C:\Users\Showbot\AppData\Roaming\npm-cache correctMkdir not in flight; initializing
68 silly cache afterAdd bcrypt@0.8.7
69 verbose afterAdd C:\Users\Showbot\AppData\Roaming\npm-cache\bcrypt\0.8.7\package\package.json not in flight; writing
70 verbose correctMkdir C:\Users\Showbot\AppData\Roaming\npm-cache correctMkdir not in flight; initializing
71 verbose afterAdd C:\Users\Showbot\AppData\Roaming\npm-cache\bcrypt\0.8.7\package\package.json written
72 silly fetchNamedPackageData bindings
73 silly mapToRegistry name bindings
74 silly mapToRegistry using default registry
75 silly mapToRegistry registry https://registry.npmjs.org/
76 silly mapToRegistry data Result {
76 silly mapToRegistry   raw: 'bindings',
76 silly mapToRegistry   scope: null,
76 silly mapToRegistry   escapedName: 'bindings',
76 silly mapToRegistry   name: 'bindings',
76 silly mapToRegistry   rawSpec: '',
76 silly mapToRegistry   spec: 'latest',
76 silly mapToRegistry   type: 'tag' }
77 silly mapToRegistry uri https://registry.npmjs.org/bindings
78 silly fetchNamedPackageData nan
79 silly mapToRegistry name nan
80 silly mapToRegistry using default registry
81 silly mapToRegistry registry https://registry.npmjs.org/
82 silly mapToRegistry data Result {
82 silly mapToRegistry   raw: 'nan',
82 silly mapToRegistry   scope: null,
82 silly mapToRegistry   escapedName: 'nan',
82 silly mapToRegistry   name: 'nan',
82 silly mapToRegistry   rawSpec: '',
82 silly mapToRegistry   spec: 'latest',
82 silly mapToRegistry   type: 'tag' }
83 silly mapToRegistry uri https://registry.npmjs.org/nan
84 verbose request uri https://registry.npmjs.org/bindings
85 verbose request no auth needed
86 info attempt registry request try #1 at 12:07:56 PM
87 http request GET https://registry.npmjs.org/bindings
88 verbose request uri https://registry.npmjs.org/nan
89 verbose request no auth needed
90 info attempt registry request try #1 at 12:07:56 PM
91 http request GET https://registry.npmjs.org/nan
92 http 200 https://registry.npmjs.org/bindings
93 verbose headers { server: 'CouchDB/1.6.1 (Erlang OTP/R16B03)',
93 verbose headers   etag: '"D3FLOYMRLTBFLA4FJ0SXCFLZZ"',
93 verbose headers   'content-type': 'application/json',
93 verbose headers   'content-encoding': 'gzip',
93 verbose headers   'cache-control': 'max-age=300',
93 verbose headers   'content-length': '3832',
93 verbose headers   'accept-ranges': 'bytes',
93 verbose headers   date: 'Thu, 27 Oct 2016 11:07:36 GMT',
93 verbose headers   via: '1.1 varnish',
93 verbose headers   age: '48',
93 verbose headers   connection: 'keep-alive',
93 verbose headers   'x-served-by': 'cache-lhr6347-LHR',
93 verbose headers   'x-cache': 'HIT',
93 verbose headers   'x-cache-hits': '2',
93 verbose headers   'x-timer': 'S1477566456.122791,VS0,VE0',
93 verbose headers   vary: 'Accept-Encoding' }
94 silly get cb [ 200,
94 silly get   { server: 'CouchDB/1.6.1 (Erlang OTP/R16B03)',
94 silly get     etag: '"D3FLOYMRLTBFLA4FJ0SXCFLZZ"',
94 silly get     'content-type': 'application/json',
94 silly get     'content-encoding': 'gzip',
94 silly get     'cache-control': 'max-age=300',
94 silly get     'content-length': '3832',
94 silly get     'accept-ranges': 'bytes',
94 silly get     date: 'Thu, 27 Oct 2016 11:07:36 GMT',
94 silly get     via: '1.1 varnish',
94 silly get     age: '48',
94 silly get     connection: 'keep-alive',
94 silly get     'x-served-by': 'cache-lhr6347-LHR',
94 silly get     'x-cache': 'HIT',
94 silly get     'x-cache-hits': '2',
94 silly get     'x-timer': 'S1477566456.122791,VS0,VE0',
94 silly get     vary: 'Accept-Encoding' } ]
95 verbose get saving bindings to C:\Users\Showbot\AppData\Roaming\npm-cache\registry.npmjs.org\bindings\.cache.json
96 verbose correctMkdir C:\Users\Showbot\AppData\Roaming\npm-cache correctMkdir not in flight; initializing
97 silly resolveWithNewModule bindings@1.2.1 checking installable status
98 silly cache add args [ 'bindings@1.2.1', null ]
99 verbose cache add spec bindings@1.2.1
100 silly cache add parsed spec Result {
100 silly cache add   raw: 'bindings@1.2.1',
100 silly cache add   scope: null,
100 silly cache add   escapedName: 'bindings',
100 silly cache add   name: 'bindings',
100 silly cache add   rawSpec: '1.2.1',
100 silly cache add   spec: '1.2.1',
100 silly cache add   type: 'version' }
101 silly addNamed bindings@1.2.1
102 verbose addNamed "1.2.1" is a plain semver version for bindings
103 silly mapToRegistry name bindings
104 silly mapToRegistry using default registry
105 silly mapToRegistry registry https://registry.npmjs.org/
106 silly mapToRegistry data Result {
106 silly mapToRegistry   raw: 'bindings',
106 silly mapToRegistry   scope: null,
106 silly mapToRegistry   escapedName: 'bindings',
106 silly mapToRegistry   name: 'bindings',
106 silly mapToRegistry   rawSpec: '',
106 silly mapToRegistry   spec: 'latest',
106 silly mapToRegistry   type: 'tag' }
107 silly mapToRegistry uri https://registry.npmjs.org/bindings
108 verbose addNameVersion registry:https://registry.npmjs.org/bindings not in flight; fetching
109 verbose get https://registry.npmjs.org/bindings not expired, no request
110 silly mapToRegistry name bindings
111 silly mapToRegistry using default registry
112 silly mapToRegistry registry https://registry.npmjs.org/
113 silly mapToRegistry data Result {
113 silly mapToRegistry   raw: 'bindings',
113 silly mapToRegistry   scope: null,
113 silly mapToRegistry   escapedName: 'bindings',
113 silly mapToRegistry   name: 'bindings',
113 silly mapToRegistry   rawSpec: '',
113 silly mapToRegistry   spec: 'latest',
113 silly mapToRegistry   type: 'tag' }
114 silly mapToRegistry uri https://registry.npmjs.org/bindings
115 verbose addRemoteTarball https://registry.npmjs.org/bindings/-/bindings-1.2.1.tgz not in flight; adding
116 verbose addRemoteTarball [ 'https://registry.npmjs.org/bindings/-/bindings-1.2.1.tgz',
116 verbose addRemoteTarball   '14ad6113812d2d37d72e67b4cacb4bb726505f11' ]
117 info retry fetch attempt 1 at 12:07:56 PM
118 info attempt registry request try #1 at 12:07:56 PM
119 http fetch GET https://registry.npmjs.org/bindings/-/bindings-1.2.1.tgz
120 http fetch 200 https://registry.npmjs.org/bindings/-/bindings-1.2.1.tgz
121 silly fetchAndShaCheck shasum 14ad6113812d2d37d72e67b4cacb4bb726505f11
122 verbose addTmpTarball C:\Users\Showbot\AppData\Local\Temp\npm-9132-2f92dfbf\registry.npmjs.org\bindings\-\bindings-1.2.1.tgz not in flight; adding
123 verbose addTmpTarball already have metadata; skipping unpack for bindings@1.2.1
124 verbose correctMkdir C:\Users\Showbot\AppData\Roaming\npm-cache correctMkdir not in flight; initializing
125 silly cache afterAdd bindings@1.2.1
126 verbose afterAdd C:\Users\Showbot\AppData\Roaming\npm-cache\bindings\1.2.1\package\package.json not in flight; writing
127 verbose correctMkdir C:\Users\Showbot\AppData\Roaming\npm-cache correctMkdir not in flight; initializing
128 verbose afterAdd C:\Users\Showbot\AppData\Roaming\npm-cache\bindings\1.2.1\package\package.json written
129 http 200 https://registry.npmjs.org/nan
130 verbose headers { server: 'CouchDB/1.5.0 (Erlang OTP/R16B03)',
130 verbose headers   etag: '"2QXFPVXUU9DUUTAACVV4FOU2Z"',
130 verbose headers   'content-type': 'application/json',
130 verbose headers   'content-encoding': 'gzip',
130 verbose headers   'cache-control': 'max-age=300',
130 verbose headers   'content-length': '17179',
130 verbose headers   'accept-ranges': 'bytes',
130 verbose headers   date: 'Thu, 27 Oct 2016 11:07:36 GMT',
130 verbose headers   via: '1.1 varnish',
130 verbose headers   age: '179',
130 verbose headers   connection: 'keep-alive',
130 verbose headers   'x-served-by': 'cache-lhr6344-LHR',
130 verbose headers   'x-cache': 'HIT',
130 verbose headers   'x-cache-hits': '9',
130 verbose headers   'x-timer': 'S1477566456.281343,VS0,VE0',
130 verbose headers   vary: 'Accept-Encoding' }
131 silly get cb [ 200,
131 silly get   { server: 'CouchDB/1.5.0 (Erlang OTP/R16B03)',
131 silly get     etag: '"2QXFPVXUU9DUUTAACVV4FOU2Z"',
131 silly get     'content-type': 'application/json',
131 silly get     'content-encoding': 'gzip',
131 silly get     'cache-control': 'max-age=300',
131 silly get     'content-length': '17179',
131 silly get     'accept-ranges': 'bytes',
131 silly get     date: 'Thu, 27 Oct 2016 11:07:36 GMT',
131 silly get     via: '1.1 varnish',
131 silly get     age: '179',
131 silly get     connection: 'keep-alive',
131 silly get     'x-served-by': 'cache-lhr6344-LHR',
131 silly get     'x-cache': 'HIT',
131 silly get     'x-cache-hits': '9',
131 silly get     'x-timer': 'S1477566456.281343,VS0,VE0',
131 silly get     vary: 'Accept-Encoding' } ]
132 verbose get saving nan to C:\Users\Showbot\AppData\Roaming\npm-cache\registry.npmjs.org\nan\.cache.json
133 verbose correctMkdir C:\Users\Showbot\AppData\Roaming\npm-cache correctMkdir not in flight; initializing
134 silly resolveWithNewModule nan@2.3.5 checking installable status
135 silly cache add args [ 'nan@2.3.5', null ]
136 verbose cache add spec nan@2.3.5
137 silly cache add parsed spec Result {
137 silly cache add   raw: 'nan@2.3.5',
137 silly cache add   scope: null,
137 silly cache add   escapedName: 'nan',
137 silly cache add   name: 'nan',
137 silly cache add   rawSpec: '2.3.5',
137 silly cache add   spec: '2.3.5',
137 silly cache add   type: 'version' }
138 silly addNamed nan@2.3.5
139 verbose addNamed "2.3.5" is a plain semver version for nan
140 silly mapToRegistry name nan
141 silly mapToRegistry using default registry
142 silly mapToRegistry registry https://registry.npmjs.org/
143 silly mapToRegistry data Result {
143 silly mapToRegistry   raw: 'nan',
143 silly mapToRegistry   scope: null,
143 silly mapToRegistry   escapedName: 'nan',
143 silly mapToRegistry   name: 'nan',
143 silly mapToRegistry   rawSpec: '',
143 silly mapToRegistry   spec: 'latest',
143 silly mapToRegistry   type: 'tag' }
144 silly mapToRegistry uri https://registry.npmjs.org/nan
145 verbose addNameVersion registry:https://registry.npmjs.org/nan not in flight; fetching
146 verbose get https://registry.npmjs.org/nan not expired, no request
147 silly mapToRegistry name nan
148 silly mapToRegistry using default registry
149 silly mapToRegistry registry https://registry.npmjs.org/
150 silly mapToRegistry data Result {
150 silly mapToRegistry   raw: 'nan',
150 silly mapToRegistry   scope: null,
150 silly mapToRegistry   escapedName: 'nan',
150 silly mapToRegistry   name: 'nan',
150 silly mapToRegistry   rawSpec: '',
150 silly mapToRegistry   spec: 'latest',
150 silly mapToRegistry   type: 'tag' }
151 silly mapToRegistry uri https://registry.npmjs.org/nan
152 verbose addRemoteTarball https://registry.npmjs.org/nan/-/nan-2.3.5.tgz not in flight; adding
153 verbose addRemoteTarball [ 'https://registry.npmjs.org/nan/-/nan-2.3.5.tgz',
153 verbose addRemoteTarball   '822a0dc266290ce4cd3a12282ca3e7e364668a08' ]
154 info retry fetch attempt 1 at 12:07:57 PM
155 info attempt registry request try #1 at 12:07:57 PM
156 http fetch GET https://registry.npmjs.org/nan/-/nan-2.3.5.tgz
157 http fetch 200 https://registry.npmjs.org/nan/-/nan-2.3.5.tgz
158 silly fetchAndShaCheck shasum 822a0dc266290ce4cd3a12282ca3e7e364668a08
159 verbose addTmpTarball C:\Users\Showbot\AppData\Local\Temp\npm-9132-2f92dfbf\registry.npmjs.org\nan\-\nan-2.3.5.tgz not in flight; adding
160 verbose addTmpTarball already have metadata; skipping unpack for nan@2.3.5
161 verbose correctMkdir C:\Users\Showbot\AppData\Roaming\npm-cache correctMkdir not in flight; initializing
162 silly cache afterAdd nan@2.3.5
163 verbose afterAdd C:\Users\Showbot\AppData\Roaming\npm-cache\nan\2.3.5\package\package.json not in flight; writing
164 verbose correctMkdir C:\Users\Showbot\AppData\Roaming\npm-cache correctMkdir not in flight; initializing
165 verbose afterAdd C:\Users\Showbot\AppData\Roaming\npm-cache\nan\2.3.5\package\package.json written
166 silly loadAllDepsIntoIdealTree Finishing
167 silly loadIdealTree Finishing
168 silly currentTree meteor-websiteurl-aggregator@
168 silly currentTree `-- meteor-node-stubs@0.2.3
168 silly currentTree   +-- assert@1.3.0
168 silly currentTree   +-- browserify-zlib@0.1.4
168 silly currentTree   | `-- pako@0.2.8
168 silly currentTree   +-- buffer@4.5.1
168 silly currentTree   | +-- base64-js@1.1.2
168 silly currentTree   | +-- ieee754@1.1.6
168 silly currentTree   | `-- isarray@1.0.0
168 silly currentTree   +-- console-browserify@1.1.0
168 silly currentTree   | `-- date-now@0.1.4
168 silly currentTree   +-- constants-browserify@1.0.0
168 silly currentTree   +-- crypto-browserify@3.11.0
168 silly currentTree   | +-- browserify-cipher@1.0.0
168 silly currentTree   | | +-- browserify-aes@1.0.6
168 silly currentTree   | | | +-- buffer-xor@1.0.3
168 silly currentTree   | | | `-- cipher-base@1.0.2
168 silly currentTree   | | +-- browserify-des@1.0.0
168 silly currentTree   | | | +-- cipher-base@1.0.2
168 silly currentTree   | | | `-- des.js@1.0.0
168 silly currentTree   | | |   `-- minimalistic-assert@1.0.0
168 silly currentTree   | | `-- evp_bytestokey@1.0.0
168 silly currentTree   | +-- browserify-sign@4.0.0
168 silly currentTree   | | +-- bn.js@4.11.1
168 silly currentTree   | | +-- browserify-rsa@4.0.1
168 silly currentTree   | | +-- elliptic@6.2.3
168 silly currentTree   | | | +-- brorand@1.0.5
168 silly currentTree   | | | `-- hash.js@1.0.3
168 silly currentTree   | | `-- parse-asn1@5.0.0
168 silly currentTree   | |   +-- asn1.js@4.5.2
168 silly currentTree   | |   | `-- minimalistic-assert@1.0.0
168 silly currentTree   | |   +-- browserify-aes@1.0.6
168 silly currentTree   | |   | +-- buffer-xor@1.0.3
168 silly currentTree   | |   | `-- cipher-base@1.0.2
168 silly currentTree   | |   `-- evp_bytestokey@1.0.0
168 silly currentTree   | +-- create-ecdh@4.0.0
168 silly currentTree   | | +-- bn.js@4.11.1
168 silly currentTree   | | `-- elliptic@6.2.3
168 silly currentTree   | |   +-- brorand@1.0.5
168 silly currentTree   | |   `-- hash.js@1.0.3
168 silly currentTree   | +-- create-hash@1.1.2
168 silly currentTree   | | +-- cipher-base@1.0.2
168 silly currentTree   | | +-- ripemd160@1.0.1
168 silly currentTree   | | `-- sha.js@2.4.5
168 silly currentTree   | +-- create-hmac@1.1.4
168 silly currentTree   | +-- diffie-hellman@5.0.2
168 silly currentTree   | | +-- bn.js@4.11.1
168 silly currentTree   | | `-- miller-rabin@4.0.0
168 silly currentTree   | |   `-- brorand@1.0.5
168 silly currentTree   | +-- inherits@2.0.1
168 silly currentTree   | +-- pbkdf2@3.0.4
168 silly currentTree   | +-- public-encrypt@4.0.0
168 silly currentTree   | | +-- bn.js@4.11.1
168 silly currentTree   | | +-- browserify-rsa@4.0.1
168 silly currentTree   | | `-- parse-asn1@5.0.0
168 silly currentTree   | |   +-- asn1.js@4.5.2
168 silly currentTree   | |   | `-- minimalistic-assert@1.0.0
168 silly currentTree   | |   +-- browserify-aes@1.0.6
168 silly currentTree   | |   | +-- buffer-xor@1.0.3
168 silly currentTree   | |   | `-- cipher-base@1.0.2
168 silly currentTree   | |   `-- evp_bytestokey@1.0.0
168 silly currentTree   | `-- randombytes@2.0.3
168 silly currentTree   +-- domain-browser@1.1.7
168 silly currentTree   +-- events@1.1.0
168 silly currentTree   +-- http-browserify@1.7.0
168 silly currentTree   | +-- Base64@0.2.1
168 silly currentTree   | `-- inherits@2.0.1
168 silly currentTree   +-- https-browserify@0.0.1
168 silly currentTree   +-- os-browserify@0.2.1
168 silly currentTree   +-- path-browserify@0.0.0
168 silly currentTree   +-- process@0.11.2
168 silly currentTree   +-- punycode@1.4.1
168 silly currentTree   +-- querystring-es3@0.2.1
168 silly currentTree   +-- readable-stream@2.0.6
168 silly currentTree   | +-- core-util-is@1.0.2
168 silly currentTree   | +-- inherits@2.0.1
168 silly currentTree   | +-- isarray@1.0.0
168 silly currentTree   | +-- process-nextick-args@1.0.6
168 silly currentTree   | `-- util-deprecate@1.0.2
168 silly currentTree   +-- stream-browserify@2.0.1
168 silly currentTree   | `-- inherits@2.0.1
168 silly currentTree   +-- string_decoder@0.10.31
168 silly currentTree   +-- timers-browserify@1.4.2
168 silly currentTree   +-- tty-browserify@0.0.0
168 silly currentTree   +-- url@0.11.0
168 silly currentTree   | +-- punycode@1.3.2
168 silly currentTree   | `-- querystring@0.2.0
168 silly currentTree   +-- util@0.10.3
168 silly currentTree   | `-- inherits@2.0.1
168 silly currentTree   `-- vm-browserify@0.0.4
168 silly currentTree     `-- indexof@0.0.1
169 silly idealTree meteor-websiteurl-aggregator@
169 silly idealTree +-- bcrypt@0.8.7
169 silly idealTree +-- bindings@1.2.1
169 silly idealTree +-- meteor-node-stubs@0.2.3
169 silly idealTree | +-- assert@1.3.0
169 silly idealTree | +-- browserify-zlib@0.1.4
169 silly idealTree | | `-- pako@0.2.8
169 silly idealTree | +-- buffer@4.5.1
169 silly idealTree | | +-- base64-js@1.1.2
169 silly idealTree | | +-- ieee754@1.1.6
169 silly idealTree | | `-- isarray@1.0.0
169 silly idealTree | +-- console-browserify@1.1.0
169 silly idealTree | | `-- date-now@0.1.4
169 silly idealTree | +-- constants-browserify@1.0.0
169 silly idealTree | +-- crypto-browserify@3.11.0
169 silly idealTree | | +-- browserify-cipher@1.0.0
169 silly idealTree | | | +-- browserify-aes@1.0.6
169 silly idealTree | | | | +-- buffer-xor@1.0.3
169 silly idealTree | | | | `-- cipher-base@1.0.2
169 silly idealTree | | | +-- browserify-des@1.0.0
169 silly idealTree | | | | +-- cipher-base@1.0.2
169 silly idealTree | | | | `-- des.js@1.0.0
169 silly idealTree | | | |   `-- minimalistic-assert@1.0.0
169 silly idealTree | | | `-- evp_bytestokey@1.0.0
169 silly idealTree | | +-- browserify-sign@4.0.0
169 silly idealTree | | | +-- bn.js@4.11.1
169 silly idealTree | | | +-- browserify-rsa@4.0.1
169 silly idealTree | | | +-- elliptic@6.2.3
169 silly idealTree | | | | +-- brorand@1.0.5
169 silly idealTree | | | | `-- hash.js@1.0.3
169 silly idealTree | | | `-- parse-asn1@5.0.0
169 silly idealTree | | |   +-- asn1.js@4.5.2
169 silly idealTree | | |   | `-- minimalistic-assert@1.0.0
169 silly idealTree | | |   +-- browserify-aes@1.0.6
169 silly idealTree | | |   | +-- buffer-xor@1.0.3
169 silly idealTree | | |   | `-- cipher-base@1.0.2
169 silly idealTree | | |   `-- evp_bytestokey@1.0.0
169 silly idealTree | | +-- create-ecdh@4.0.0
169 silly idealTree | | | +-- bn.js@4.11.1
169 silly idealTree | | | `-- elliptic@6.2.3
169 silly idealTree | | |   +-- brorand@1.0.5
169 silly idealTree | | |   `-- hash.js@1.0.3
169 silly idealTree | | +-- create-hash@1.1.2
169 silly idealTree | | | +-- cipher-base@1.0.2
169 silly idealTree | | | +-- ripemd160@1.0.1
169 silly idealTree | | | `-- sha.js@2.4.5
169 silly idealTree | | +-- create-hmac@1.1.4
169 silly idealTree | | +-- diffie-hellman@5.0.2
169 silly idealTree | | | +-- bn.js@4.11.1
169 silly idealTree | | | `-- miller-rabin@4.0.0
169 silly idealTree | | |   `-- brorand@1.0.5
169 silly idealTree | | +-- inherits@2.0.1
169 silly idealTree | | +-- pbkdf2@3.0.4
169 silly idealTree | | +-- public-encrypt@4.0.0
169 silly idealTree | | | +-- bn.js@4.11.1
169 silly idealTree | | | +-- browserify-rsa@4.0.1
169 silly idealTree | | | `-- parse-asn1@5.0.0
169 silly idealTree | | |   +-- asn1.js@4.5.2
169 silly idealTree | | |   | `-- minimalistic-assert@1.0.0
169 silly idealTree | | |   +-- browserify-aes@1.0.6
169 silly idealTree | | |   | +-- buffer-xor@1.0.3
169 silly idealTree | | |   | `-- cipher-base@1.0.2
169 silly idealTree | | |   `-- evp_bytestokey@1.0.0
169 silly idealTree | | `-- randombytes@2.0.3
169 silly idealTree | +-- domain-browser@1.1.7
169 silly idealTree | +-- events@1.1.0
169 silly idealTree | +-- http-browserify@1.7.0
169 silly idealTree | | +-- Base64@0.2.1
169 silly idealTree | | `-- inherits@2.0.1
169 silly idealTree | +-- https-browserify@0.0.1
169 silly idealTree | +-- os-browserify@0.2.1
169 silly idealTree | +-- path-browserify@0.0.0
169 silly idealTree | +-- process@0.11.2
169 silly idealTree | +-- punycode@1.4.1
169 silly idealTree | +-- querystring-es3@0.2.1
169 silly idealTree | +-- readable-stream@2.0.6
169 silly idealTree | | +-- core-util-is@1.0.2
169 silly idealTree | | +-- inherits@2.0.1
169 silly idealTree | | +-- isarray@1.0.0
169 silly idealTree | | +-- process-nextick-args@1.0.6
169 silly idealTree | | `-- util-deprecate@1.0.2
169 silly idealTree | +-- stream-browserify@2.0.1
169 silly idealTree | | `-- inherits@2.0.1
169 silly idealTree | +-- string_decoder@0.10.31
169 silly idealTree | +-- timers-browserify@1.4.2
169 silly idealTree | +-- tty-browserify@0.0.0
169 silly idealTree | +-- url@0.11.0
169 silly idealTree | | +-- punycode@1.3.2
169 silly idealTree | | `-- querystring@0.2.0
169 silly idealTree | +-- util@0.10.3
169 silly idealTree | | `-- inherits@2.0.1
169 silly idealTree | `-- vm-browserify@0.0.4
169 silly idealTree |   `-- indexof@0.0.1
169 silly idealTree `-- nan@2.3.5
170 silly generateActionsToTake Starting
171 silly install generateActionsToTake
172 silly generateActionsToTake Finishing
173 silly diffTrees action count 3
174 silly diffTrees add bindings@1.2.1
175 silly diffTrees add nan@2.3.5
176 silly diffTrees add bcrypt@0.8.7
177 silly decomposeActions action count 24
178 silly decomposeActions fetch bindings@1.2.1
179 silly decomposeActions extract bindings@1.2.1
180 silly decomposeActions test bindings@1.2.1
181 silly decomposeActions preinstall bindings@1.2.1
182 silly decomposeActions build bindings@1.2.1
183 silly decomposeActions install bindings@1.2.1
184 silly decomposeActions postinstall bindings@1.2.1
185 silly decomposeActions finalize bindings@1.2.1
186 silly decomposeActions fetch nan@2.3.5
187 silly decomposeActions extract nan@2.3.5
188 silly decomposeActions test nan@2.3.5
189 silly decomposeActions preinstall nan@2.3.5
190 silly decomposeActions build nan@2.3.5
191 silly decomposeActions install nan@2.3.5
192 silly decomposeActions postinstall nan@2.3.5
193 silly decomposeActions finalize nan@2.3.5
194 silly decomposeActions fetch bcrypt@0.8.7
195 silly decomposeActions extract bcrypt@0.8.7
196 silly decomposeActions test bcrypt@0.8.7
197 silly decomposeActions preinstall bcrypt@0.8.7
198 silly decomposeActions build bcrypt@0.8.7
199 silly decomposeActions install bcrypt@0.8.7
200 silly decomposeActions postinstall bcrypt@0.8.7
201 silly decomposeActions finalize bcrypt@0.8.7
202 silly runTopLevelLifecycles Starting
203 silly executeActions Starting
204 silly install executeActions
205 silly doSerial global-install 0
206 silly doParallel fetch 3
207 verbose correctMkdir C:\Users\Showbot\AppData\Roaming\npm-cache\_locks correctMkdir not in flight; initializing
208 verbose lock using C:\Users\Showbot\AppData\Roaming\npm-cache\_locks\staging-ec0fe1c444a104b3.lock for C:\Users\Showbot\Desktop\meteor-websiteurl-aggregator\node_modules\.staging
209 silly doParallel extract 3
210 silly extract bindings@1.2.1
211 silly extract nan@2.3.5
212 silly extract bcrypt@0.8.7
213 verbose unbuild node_modules\.staging\bindings-39ba1e24
214 verbose unbuild node_modules\.staging\nan-306ce42c
215 verbose unbuild node_modules\.staging\bcrypt-cd1c5eb3
216 silly gentlyRm C:\Users\Showbot\Desktop\meteor-websiteurl-aggregator\node_modules\.staging\bindings-39ba1e24 is being purged from base C:\Users\Showbot\Desktop\meteor-websiteurl-aggregator
217 verbose gentlyRm don't care about contents; nuking C:\Users\Showbot\Desktop\meteor-websiteurl-aggregator\node_modules\.staging\bindings-39ba1e24
218 silly gentlyRm C:\Users\Showbot\Desktop\meteor-websiteurl-aggregator\node_modules\.staging\nan-306ce42c is being purged from base C:\Users\Showbot\Desktop\meteor-websiteurl-aggregator
219 verbose gentlyRm don't care about contents; nuking C:\Users\Showbot\Desktop\meteor-websiteurl-aggregator\node_modules\.staging\nan-306ce42c
220 verbose tar unpack C:\Users\Showbot\AppData\Roaming\npm-cache\bindings\1.2.1\package.tgz
221 verbose tar unpacking to C:\Users\Showbot\Desktop\meteor-websiteurl-aggregator\node_modules\.staging\bindings-39ba1e24
222 silly gentlyRm C:\Users\Showbot\Desktop\meteor-websiteurl-aggregator\node_modules\.staging\bindings-39ba1e24 is being purged
223 verbose gentlyRm don't care about contents; nuking C:\Users\Showbot\Desktop\meteor-websiteurl-aggregator\node_modules\.staging\bindings-39ba1e24
224 verbose tar unpack C:\Users\Showbot\AppData\Roaming\npm-cache\nan\2.3.5\package.tgz
225 verbose tar unpacking to C:\Users\Showbot\Desktop\meteor-websiteurl-aggregator\node_modules\.staging\nan-306ce42c
226 silly gentlyRm C:\Users\Showbot\Desktop\meteor-websiteurl-aggregator\node_modules\.staging\nan-306ce42c is being purged
227 verbose gentlyRm don't care about contents; nuking C:\Users\Showbot\Desktop\meteor-websiteurl-aggregator\node_modules\.staging\nan-306ce42c
228 silly gunzTarPerm modes [ '777', '666' ]
229 silly gentlyRm C:\Users\Showbot\Desktop\meteor-websiteurl-aggregator\node_modules\.staging\bcrypt-cd1c5eb3 is being purged from base C:\Users\Showbot\Desktop\meteor-websiteurl-aggregator
230 verbose gentlyRm don't care about contents; nuking C:\Users\Showbot\Desktop\meteor-websiteurl-aggregator\node_modules\.staging\bcrypt-cd1c5eb3
231 silly gunzTarPerm modes [ '777', '666' ]
232 verbose tar unpack C:\Users\Showbot\AppData\Roaming\npm-cache\bcrypt\0.8.7\package.tgz
233 verbose tar unpacking to C:\Users\Showbot\Desktop\meteor-websiteurl-aggregator\node_modules\.staging\bcrypt-cd1c5eb3
234 silly gentlyRm C:\Users\Showbot\Desktop\meteor-websiteurl-aggregator\node_modules\.staging\bcrypt-cd1c5eb3 is being purged
235 verbose gentlyRm don't care about contents; nuking C:\Users\Showbot\Desktop\meteor-websiteurl-aggregator\node_modules\.staging\bcrypt-cd1c5eb3
236 silly gunzTarPerm modes [ '777', '666' ]
237 silly gunzTarPerm extractEntry package.json
238 silly gunzTarPerm modified mode [ 'package.json', 420, 438 ]
239 silly gunzTarPerm extractEntry package.json
240 silly gunzTarPerm modified mode [ 'package.json', 436, 438 ]
241 silly gunzTarPerm extractEntry package.json
242 silly gunzTarPerm modified mode [ 'package.json', 420, 438 ]
243 silly gunzTarPerm extractEntry README.md
244 silly gunzTarPerm modified mode [ 'README.md', 420, 438 ]
245 silly gunzTarPerm extractEntry bindings.js
246 silly gunzTarPerm modified mode [ 'bindings.js', 420, 438 ]
247 silly gunzTarPerm extractEntry README.md
248 silly gunzTarPerm modified mode [ 'README.md', 436, 438 ]
249 silly gunzTarPerm extractEntry include_dirs.js
250 silly gunzTarPerm modified mode [ 'include_dirs.js', 436, 438 ]
251 silly gunzTarPerm extractEntry .npmignore
252 silly gunzTarPerm modified mode [ '.npmignore', 420, 438 ]
253 silly gunzTarPerm extractEntry README.md
254 silly gunzTarPerm modified mode [ 'README.md', 420, 438 ]
255 silly gunzTarPerm extractEntry nan_converters.h
256 silly gunzTarPerm modified mode [ 'nan_converters.h', 436, 438 ]
257 silly gunzTarPerm extractEntry LICENSE.md
258 silly gunzTarPerm modified mode [ 'LICENSE.md', 436, 438 ]
259 silly gunzTarPerm extractEntry doc/node_misc.md
260 silly gunzTarPerm modified mode [ 'doc/node_misc.md', 436, 438 ]
261 silly gunzTarPerm extractEntry LICENSE
262 silly gunzTarPerm modified mode [ 'LICENSE', 420, 438 ]
263 silly gunzTarPerm extractEntry bcrypt.js
264 silly gunzTarPerm modified mode [ 'bcrypt.js', 420, 438 ]
265 silly gunzTarPerm extractEntry Makefile
266 silly gunzTarPerm modified mode [ 'Makefile', 420, 438 ]
267 silly gunzTarPerm extractEntry .travis.yml
268 silly gunzTarPerm modified mode [ '.travis.yml', 420, 438 ]
269 silly gunzTarPerm extractEntry CHANGELOG.md
270 silly gunzTarPerm modified mode [ 'CHANGELOG.md', 420, 438 ]
271 silly gunzTarPerm extractEntry binding.gyp
272 silly gunzTarPerm modified mode [ 'binding.gyp', 420, 438 ]
273 silly gunzTarPerm extractEntry examples/async_compare.js
274 silly gunzTarPerm modified mode [ 'examples/async_compare.js', 420, 438 ]
275 silly gunzTarPerm extractEntry examples/forever_gen_salt.js
276 silly gunzTarPerm modified mode [ 'examples/forever_gen_salt.js', 420, 438 ]
277 silly gunzTarPerm extractEntry test/async.js
278 silly gunzTarPerm modified mode [ 'test/async.js', 420, 438 ]
279 silly gunzTarPerm extractEntry test/repetitions.js
280 silly gunzTarPerm modified mode [ 'test/repetitions.js', 420, 438 ]
281 silly gunzTarPerm extractEntry test/sync.js
282 silly gunzTarPerm modified mode [ 'test/sync.js', 420, 438 ]
283 silly gunzTarPerm extractEntry ISSUE_TEMPLATE.md
284 silly gunzTarPerm modified mode [ 'ISSUE_TEMPLATE.md', 420, 438 ]
285 silly gunzTarPerm extractEntry src/bcrypt.cc
286 silly gunzTarPerm modified mode [ 'src/bcrypt.cc', 420, 438 ]
287 silly gunzTarPerm extractEntry src/bcrypt_node.cc
288 silly gunzTarPerm modified mode [ 'src/bcrypt_node.cc', 420, 438 ]
289 silly gunzTarPerm extractEntry src/blowfish.cc
290 silly gunzTarPerm modified mode [ 'src/blowfish.cc', 420, 438 ]
291 silly gunzTarPerm extractEntry src/node_blf.h
292 silly gunzTarPerm modified mode [ 'src/node_blf.h', 420, 438 ]
293 silly gunzTarPerm extractEntry werker.yml
294 silly gunzTarPerm modified mode [ 'werker.yml', 420, 438 ]
295 silly gunzTarPerm extractEntry doc/asyncworker.md
296 silly gunzTarPerm modified mode [ 'doc/asyncworker.md', 436, 438 ]
297 silly gunzTarPerm extractEntry doc/callback.md
298 silly gunzTarPerm modified mode [ 'doc/callback.md', 436, 438 ]
299 silly gunzTarPerm extractEntry doc/converters.md
300 silly gunzTarPerm modified mode [ 'doc/converters.md', 436, 438 ]
301 silly gunzTarPerm extractEntry doc/errors.md
302 silly gunzTarPerm modified mode [ 'doc/errors.md', 436, 438 ]
303 silly gunzTarPerm extractEntry doc/maybe_types.md
304 silly gunzTarPerm modified mode [ 'doc/maybe_types.md', 436, 438 ]
305 silly gunzTarPerm extractEntry doc/methods.md
306 silly gunzTarPerm modified mode [ 'doc/methods.md', 436, 438 ]
307 silly gunzTarPerm extractEntry doc/new.md
308 silly gunzTarPerm modified mode [ 'doc/new.md', 436, 438 ]
309 silly gunzTarPerm extractEntry doc/buffers.md
310 silly gunzTarPerm modified mode [ 'doc/buffers.md', 436, 438 ]
311 silly gunzTarPerm extractEntry doc/object_wrappers.md
312 silly gunzTarPerm modified mode [ 'doc/object_wrappers.md', 436, 438 ]
313 silly gentlyRm C:\Users\Showbot\Desktop\meteor-websiteurl-aggregator\node_modules\.staging\bindings-39ba1e24\node_modules is being purged
314 verbose gentlyRm don't care about contents; nuking C:\Users\Showbot\Desktop\meteor-websiteurl-aggregator\node_modules\.staging\bindings-39ba1e24\node_modules
315 silly gunzTarPerm extractEntry doc/persistent.md
316 silly gunzTarPerm modified mode [ 'doc/persistent.md', 436, 438 ]
317 silly gunzTarPerm extractEntry doc/scopes.md
318 silly gunzTarPerm modified mode [ 'doc/scopes.md', 436, 438 ]
319 silly gunzTarPerm extractEntry doc/script.md
320 silly gunzTarPerm modified mode [ 'doc/script.md', 436, 438 ]
321 silly gunzTarPerm extractEntry doc/string_bytes.md
322 silly gunzTarPerm modified mode [ 'doc/string_bytes.md', 436, 438 ]
323 silly gunzTarPerm extractEntry doc/v8_internals.md
324 silly gunzTarPerm modified mode [ 'doc/v8_internals.md', 436, 438 ]
325 silly gunzTarPerm extractEntry doc/v8_misc.md
326 silly gunzTarPerm modified mode [ 'doc/v8_misc.md', 436, 438 ]
327 silly gunzTarPerm extractEntry nan.h
328 silly gunzTarPerm modified mode [ 'nan.h', 436, 438 ]
329 silly gunzTarPerm extractEntry nan_callbacks.h
330 silly gunzTarPerm modified mode [ 'nan_callbacks.h', 436, 438 ]
331 silly gunzTarPerm extractEntry nan_callbacks_12_inl.h
332 silly gunzTarPerm modified mode [ 'nan_callbacks_12_inl.h', 436, 438 ]
333 silly gunzTarPerm extractEntry nan_callbacks_pre_12_inl.h
334 silly gunzTarPerm modified mode [ 'nan_callbacks_pre_12_inl.h', 436, 438 ]
335 silly gunzTarPerm extractEntry nan_converters_43_inl.h
336 silly gunzTarPerm modified mode [ 'nan_converters_43_inl.h', 436, 438 ]
337 silly gunzTarPerm extractEntry nan_converters_pre_43_inl.h
338 silly gunzTarPerm modified mode [ 'nan_converters_pre_43_inl.h', 436, 438 ]
339 silly gunzTarPerm extractEntry nan_implementation_12_inl.h
340 silly gunzTarPerm modified mode [ 'nan_implementation_12_inl.h', 436, 438 ]
341 silly gunzTarPerm extractEntry nan_implementation_pre_12_inl.h
342 silly gunzTarPerm modified mode [ 'nan_implementation_pre_12_inl.h', 436, 438 ]
343 silly gunzTarPerm extractEntry nan_maybe_43_inl.h
344 silly gunzTarPerm modified mode [ 'nan_maybe_43_inl.h', 436, 438 ]
345 silly gunzTarPerm extractEntry nan_maybe_pre_43_inl.h
346 silly gunzTarPerm modified mode [ 'nan_maybe_pre_43_inl.h', 436, 438 ]
347 silly gunzTarPerm extractEntry nan_new.h
348 silly gunzTarPerm modified mode [ 'nan_new.h', 436, 438 ]
349 silly gunzTarPerm extractEntry nan_object_wrap.h
350 silly gunzTarPerm modified mode [ 'nan_object_wrap.h', 436, 438 ]
351 silly gunzTarPerm extractEntry nan_persistent_12_inl.h
352 silly gunzTarPerm modified mode [ 'nan_persistent_12_inl.h', 436, 438 ]
353 silly gunzTarPerm extractEntry nan_persistent_pre_12_inl.h
354 silly gunzTarPerm modified mode [ 'nan_persistent_pre_12_inl.h', 436, 438 ]
355 silly gunzTarPerm extractEntry nan_string_bytes.h
356 silly gunzTarPerm modified mode [ 'nan_string_bytes.h', 436, 438 ]
357 silly gunzTarPerm extractEntry nan_typedarray_contents.h
358 silly gunzTarPerm modified mode [ 'nan_typedarray_contents.h', 436, 438 ]
359 silly gunzTarPerm extractEntry nan_weak.h
360 silly gunzTarPerm modified mode [ 'nan_weak.h', 436, 438 ]
361 silly gunzTarPerm extractEntry CHANGELOG.md
362 silly gunzTarPerm modified mode [ 'CHANGELOG.md', 436, 438 ]
363 silly gunzTarPerm extractEntry tools/package.json
364 silly gunzTarPerm modified mode [ 'tools/package.json', 436, 438 ]
365 silly gunzTarPerm extractEntry tools/README.md
366 silly gunzTarPerm modified mode [ 'tools/README.md', 436, 438 ]
367 silly gunzTarPerm extractEntry tools/1to2.js
368 silly gunzTarPerm modified mode [ 'tools/1to2.js', 509, 511 ]
369 silly gentlyRm C:\Users\Showbot\Desktop\meteor-websiteurl-aggregator\node_modules\.staging\bcrypt-cd1c5eb3\node_modules is being purged
370 verbose gentlyRm don't care about contents; nuking C:\Users\Showbot\Desktop\meteor-websiteurl-aggregator\node_modules\.staging\bcrypt-cd1c5eb3\node_modules
371 silly gentlyRm C:\Users\Showbot\Desktop\meteor-websiteurl-aggregator\node_modules\.staging\nan-306ce42c\node_modules is being purged
372 verbose gentlyRm don't care about contents; nuking C:\Users\Showbot\Desktop\meteor-websiteurl-aggregator\node_modules\.staging\nan-306ce42c\node_modules
373 silly doParallel preinstall 3
374 silly preinstall bindings@1.2.1 C:\Users\Showbot\Desktop\meteor-websiteurl-aggregator\node_modules\.staging\bindings-39ba1e24
375 info lifecycle bindings@1.2.1~preinstall: bindings@1.2.1
376 silly preinstall nan@2.3.5 C:\Users\Showbot\Desktop\meteor-websiteurl-aggregator\node_modules\.staging\nan-306ce42c
377 info lifecycle nan@2.3.5~preinstall: nan@2.3.5
378 silly preinstall bcrypt@0.8.7 C:\Users\Showbot\Desktop\meteor-websiteurl-aggregator\node_modules\.staging\bcrypt-cd1c5eb3
379 info lifecycle bcrypt@0.8.7~preinstall: bcrypt@0.8.7
380 silly lifecycle bindings@1.2.1~preinstall: no script for preinstall, continuing
381 silly lifecycle nan@2.3.5~preinstall: no script for preinstall, continuing
382 silly lifecycle bcrypt@0.8.7~preinstall: no script for preinstall, continuing
383 silly doReverseSerial remove 0
384 silly doSerial move 0
385 silly doSerial finalize 3
386 silly finalize C:\Users\Showbot\Desktop\meteor-websiteurl-aggregator\node_modules\bindings
387 silly finalize C:\Users\Showbot\Desktop\meteor-websiteurl-aggregator\node_modules\nan
388 silly finalize C:\Users\Showbot\Desktop\meteor-websiteurl-aggregator\node_modules\bcrypt
389 silly doSerial build 3
390 silly build bindings@1.2.1
391 info linkStuff bindings@1.2.1
392 silly linkStuff bindings@1.2.1 has C:\Users\Showbot\Desktop\meteor-websiteurl-aggregator\node_modules as its parent node_modules
393 verbose linkBins bindings@1.2.1
394 verbose linkMans bindings@1.2.1
395 silly build nan@2.3.5
396 info linkStuff nan@2.3.5
397 silly linkStuff nan@2.3.5 has C:\Users\Showbot\Desktop\meteor-websiteurl-aggregator\node_modules as its parent node_modules
398 verbose linkBins nan@2.3.5
399 verbose linkMans nan@2.3.5
400 silly build bcrypt@0.8.7
401 info linkStuff bcrypt@0.8.7
402 silly linkStuff bcrypt@0.8.7 has C:\Users\Showbot\Desktop\meteor-websiteurl-aggregator\node_modules as its parent node_modules
403 verbose linkBins bcrypt@0.8.7
404 verbose linkMans bcrypt@0.8.7
405 silly doSerial global-link 0
406 silly doParallel update-linked 0
407 silly doSerial install 3
408 silly install bindings@1.2.1 C:\Users\Showbot\Desktop\meteor-websiteurl-aggregator\node_modules\.staging\bindings-39ba1e24
409 info lifecycle bindings@1.2.1~install: bindings@1.2.1
410 silly lifecycle bindings@1.2.1~install: no script for install, continuing
411 silly install nan@2.3.5 C:\Users\Showbot\Desktop\meteor-websiteurl-aggregator\node_modules\.staging\nan-306ce42c
412 info lifecycle nan@2.3.5~install: nan@2.3.5
413 silly lifecycle nan@2.3.5~install: no script for install, continuing
414 silly install bcrypt@0.8.7 C:\Users\Showbot\Desktop\meteor-websiteurl-aggregator\node_modules\.staging\bcrypt-cd1c5eb3
415 info lifecycle bcrypt@0.8.7~install: bcrypt@0.8.7
416 verbose lifecycle bcrypt@0.8.7~install: unsafe-perm in lifecycle true
417 verbose lifecycle bcrypt@0.8.7~install: PATH: C:\Users\Showbot\AppData\Local\.meteor\packages\meteor-tool\1.4.1_2\mt-os.windows.x86_32\dev_bundle\lib\node_modules\npm\bin\node-gyp-bin;C:\Users\Showbot\Desktop\meteor-websiteurl-aggregator\node_modules\bcrypt\node_modules\.bin;C:\Users\Showbot\Desktop\meteor-websiteurl-aggregator\node_modules\.bin;C:\Users\Showbot\AppData\Local\.meteor\packages\meteor-tool\1.4.1_2\mt-os.windows.x86_32\dev_bundle\bin;C:\Users\Showbot\AppData\Local\.meteor\packages\meteor-tool\1.4.1_2\mt-os.windows.x86_32\dev_bundle\lib\node_modules\.bin;C:\ProgramData\Oracle\Java\javapath;C:\WINDOWS\system32;C:\WINDOWS;C:\WINDOWS\System32\Wbem;C:\WINDOWS\System32\WindowsPowerShell\v1.0\;C:\Program Files (x86)\AMD\ATI.ACE\Core-Static;C:\Program Files (x86)\Brackets\command;C:\Program Files\Git\cmd;C:\Program Files \Git\bin;C:\Users\Showbot\AppData\Local\Microsoft\WindowsApps;C:\Users\Showbot\AppData\Local\.meteor\
418 verbose lifecycle bcrypt@0.8.7~install: CWD: C:\Users\Showbot\Desktop\meteor-websiteurl-aggregator\node_modules\bcrypt
419 silly lifecycle bcrypt@0.8.7~install: Args: [ '/d /s /c', 'node-gyp rebuild' ]
420 silly lifecycle bcrypt@0.8.7~install: Returned: code: 1  signal: null
421 info lifecycle bcrypt@0.8.7~install: Failed to exec install script
422 verbose unlock done using C:\Users\Showbot\AppData\Roaming\npm-cache\_locks\staging-ec0fe1c444a104b3.lock for C:\Users\Showbot\Desktop\meteor-websiteurl-aggregator\node_modules\.staging
423 silly rollbackFailedOptional Starting
424 silly rollbackFailedOptional Finishing
425 silly runTopLevelLifecycles Finishing
426 silly install printInstalled
427 verbose stack Error: bcrypt@0.8.7 install: `node-gyp rebuild`
427 verbose stack Exit status 1
427 verbose stack     at EventEmitter.<anonymous> (C:\Users\Showbot\AppData\Local\.meteor\packages\meteor-tool\1.4.1_2\mt-os.windows.x86_32\dev_bundle\lib\node_modules\npm\lib\utils\lifecycle.js:255:16)
427 verbose stack     at emitTwo (events.js:87:13)
427 verbose stack     at EventEmitter.emit (events.js:172:7)
427 verbose stack     at ChildProcess.<anonymous> (C:\Users\Showbot\AppData\Local\.meteor\packages\meteor-tool\1.4.1_2\mt-os.windows.x86_32\dev_bundle\lib\node_modules\npm\lib\utils\spawn.js:40:14)
427 verbose stack     at emitTwo (events.js:87:13)
427 verbose stack     at ChildProcess.emit (events.js:172:7)
427 verbose stack     at maybeClose (internal/child_process.js:829:16)
427 verbose stack     at Process.ChildProcess._handle.onexit (internal/child_process.js:211:5)
428 verbose pkgid bcrypt@0.8.7
429 verbose cwd C:\Users\Showbot\Desktop\meteor-websiteurl-aggregator
430 error Windows_NT 10.0.14393
431 error argv "C:\\Users\\Showbot\\AppData\\Local\\.meteor\\packages\\meteor-tool\\1.4.1_2\\mt-os.windows.x86_32\\dev_bundle\\bin\\node.exe" "C:\\Users\\Showbot\\AppData\\Local\\.meteor\\packages\\meteor-tool\\1.4.1_2\\mt-os.windows.x86_32\\dev_bundle\\lib\\node_modules\\npm\\bin\\npm-cli.js" "install" "--save" "bcrypt"
432 error node v4.6.0
433 error npm  v3.10.8
434 error code ELIFECYCLE
435 error bcrypt@0.8.7 install: `node-gyp rebuild`
435 error Exit status 1
436 error Failed at the bcrypt@0.8.7 install script 'node-gyp rebuild'.
436 error Make sure you have the latest version of node.js and npm installed.
436 error If you do, this is most likely a problem with the bcrypt package,
436 error not with npm itself.
436 error Tell the author that this fails on your system:
436 error     node-gyp rebuild
436 error You can get information on how to open an issue for this project with:
436 error     npm bugs bcrypt
436 error Or if that isn't available, you can get their info via:
436 error     npm owner ls bcrypt
436 error There is likely additional logging output above.
437 verbose exit [ 1, true ]
